<?xml version="1.0" encoding="UTF-8"?>
<!-- Generated by org.testng.reporters.JUnitReportReporter -->
<testsuite hostname="Rohit" failures="0" tests="1" name="com.pom.testcases.TestCaseNo1" time="3.066" errors="0" timestamp="2023-02-17T19:46:53 IST" skipped="0">
  <testcase classname="com.pom.testcases.TestCaseNo1" name="Login" time="3.066"/>
  <system-out/>
</testsuite> <!-- com.pom.testcases.TestCaseNo1 -->
